Release 14.7 - xst P.20131013 (nt)
Copyright (c) 1995-2013 Xilinx, Inc.  All rights reserved.
--> Parameter TMPDIR set to xst/projnav.tmp


Total REAL time to Xst completion: 0.00 secs
Total CPU time to Xst completion: 0.07 secs
 
--> Parameter xsthdpdir set to xst


Total REAL time to Xst completion: 0.00 secs
Total CPU time to Xst completion: 0.08 secs
 
--> Reading design: DisplayOperand.prj

TABLE OF CONTENTS
  1) Synthesis Options Summary
  2) HDL Parsing
  3) HDL Elaboration
  4) HDL Synthesis
       4.1) HDL Synthesis Report
  5) Advanced HDL Synthesis
       5.1) Advanced HDL Synthesis Report
  6) Low Level Synthesis
  7) Partition Report
  8) Design Summary
       8.1) Primitive and Black Box Usage
       8.2) Device utilization summary
       8.3) Partition Resource Summary
       8.4) Timing Report
            8.4.1) Clock Information
            8.4.2) Asynchronous Control Signals Information
            8.4.3) Timing Summary
            8.4.4) Timing Details
            8.4.5) Cross Clock Domains Report


=========================================================================
*                      Synthesis Options Summary                        *
=========================================================================
---- Source Parameters
Input File Name                    : "DisplayOperand.prj"
Ignore Synthesis Constraint File   : NO

---- Target Parameters
Output File Name                   : "DisplayOperand"
Output Format                      : NGC
Target Device                      : xc7k160t-2L-ffg676

---- Source Options
Top Module Name                    : DisplayOperand
Automatic FSM Extraction           : YES
FSM Encoding Algorithm             : Auto
Safe Implementation                : No
FSM Style                          : LUT
RAM Extraction                     : Yes
RAM Style                          : Auto
ROM Extraction                     : Yes
Shift Register Extraction          : YES
ROM Style                          : Auto
Resource Sharing                   : YES
Asynchronous To Synchronous        : NO
Shift Register Minimum Size        : 2
Use DSP Block                      : Auto
Automatic Register Balancing       : No

---- Target Options
LUT Combining                      : Auto
Reduce Control Sets                : Auto
Add IO Buffers                     : YES
Global Maximum Fanout              : 100000
Add Generic Clock Buffer(BUFG)     : 32
Register Duplication               : YES
Optimize Instantiated Primitives   : NO
Use Clock Enable                   : Auto
Use Synchronous Set                : Auto
Use Synchronous Reset              : Auto
Pack IO Registers into IOBs        : Auto
Equivalent register Removal        : YES

---- General Options
Optimization Goal                  : Speed
Optimization Effort                : 1
Power Reduction                    : NO
Keep Hierarchy                     : No
Netlist Hierarchy                  : As_Optimized
RTL Output                         : Yes
Global Optimization                : AllClockNets
Read Cores                         : YES
Write Timing Constraints           : NO
Cross Clock Analysis               : NO
Hierarchy Separator                : /
Bus Delimiter                      : <>
Case Specifier                     : Maintain
Slice Utilization Ratio            : 100
BRAM Utilization Ratio             : 100
DSP48 Utilization Ratio            : 100
Auto BRAM Packing                  : NO
Slice Utilization Ratio Delta      : 5

=========================================================================


=========================================================================
*                          HDL Parsing                                  *
=========================================================================
Analyzing Verilog file "Z:\FinalProject\Mux4to14b.vf" into library work
Parsing module <Mux4to14b>.
Analyzing Verilog file "Z:\FinalProject\MyMC14495.vf" into library work
Parsing module <MyMC14495>.
Analyzing Verilog file "Z:\FinalProject\DisplaySync.vf" into library work
Parsing module <Mux4to1_MUSER_DisplaySync>.
Parsing module <DisplaySync>.
Analyzing Verilog file "Z:\FinalProject\clkdiv.v" into library work
Parsing module <clkdiv>.
Analyzing Verilog file "Z:\FinalProject\DispNum.vf" into library work
Parsing module <DispNum>.
Analyzing Verilog file "Z:\FinalProject\DisplayOperand.v" into library work
Parsing module <DisplayOperand>.

=========================================================================
*                            HDL Elaboration                            *
=========================================================================

Elaborating module <DisplayOperand>.

Elaborating module <DispNum>.

Elaborating module <DisplaySync>.

Elaborating module <Mux4to14b>.

Elaborating module <INV>.

Elaborating module <AND2>.

Elaborating module <OR4>.

Elaborating module <Mux4to1_MUSER_DisplaySync>.

Elaborating module <VCC>.

Elaborating module <GND>.

Elaborating module <MyMC14495>.

Elaborating module <AND4>.

Elaborating module <AND3>.

Elaborating module <OR3>.

Elaborating module <OR2>.

Elaborating module <clkdiv>.

=========================================================================
*                           HDL Synthesis                               *
=========================================================================

Synthesizing Unit <DisplayOperand>.
    Related source file is "Z:\FinalProject\DisplayOperand.v".
    Summary:
	inferred   1 Multiplexer(s).
Unit <DisplayOperand> synthesized.

Synthesizing Unit <DispNum>.
    Related source file is "Z:\FinalProject\DispNum.vf".
    Summary:
	no macro.
Unit <DispNum> synthesized.

Synthesizing Unit <DisplaySync>.
    Related source file is "Z:\FinalProject\DisplaySync.vf".
    Summary:
	no macro.
Unit <DisplaySync> synthesized.

Synthesizing Unit <Mux4to14b>.
    Related source file is "Z:\FinalProject\Mux4to14b.vf".
    Summary:
	no macro.
Unit <Mux4to14b> synthesized.

Synthesizing Unit <Mux4to1_MUSER_DisplaySync>.
    Related source file is "Z:\FinalProject\DisplaySync.vf".
    Summary:
	no macro.
Unit <Mux4to1_MUSER_DisplaySync> synthesized.

Synthesizing Unit <MyMC14495>.
    Related source file is "Z:\FinalProject\MyMC14495.vf".
    Summary:
	no macro.
Unit <MyMC14495> synthesized.

Synthesizing Unit <clkdiv>.
    Related source file is "Z:\FinalProject\clkdiv.v".
    Found 32-bit register for signal <clkdiv>.
    Found 32-bit adder for signal <clkdiv[31]_GND_16_o_add_0_OUT> created at line 31.
    Summary:
	inferred   1 Adder/Subtractor(s).
	inferred  32 D-type flip-flop(s).
Unit <clkdiv> synthesized.

=========================================================================
HDL Synthesis Report

Macro Statistics
# Adders/Subtractors                                   : 1
 32-bit adder                                          : 1
# Registers                                            : 1
 32-bit register                                       : 1
# Multiplexers                                         : 1
 32-bit 2-to-1 multiplexer                             : 1

=========================================================================

=========================================================================
*                       Advanced HDL Synthesis                          *
=========================================================================


Synthesizing (advanced) Unit <clkdiv>.
The following registers are absorbed into counter <clkdiv>: 1 register on signal <clkdiv>.
Unit <clkdiv> synthesized (advanced).

=========================================================================
Advanced HDL Synthesis Report

Macro Statistics
# Counters                                             : 1
 32-bit up counter                                     : 1
# Multiplexers                                         : 1
 32-bit 2-to-1 multiplexer                             : 1

=========================================================================

=========================================================================
*                         Low Level Synthesis                           *
=========================================================================
WARNING:Xst:2677 - Node <m1/XLXI_3/clkdiv_19> of sequential type is unconnected in block <DisplayOperand>.
WARNING:Xst:2677 - Node <m1/XLXI_3/clkdiv_20> of sequential type is unconnected in block <DisplayOperand>.
WARNING:Xst:2677 - Node <m1/XLXI_3/clkdiv_21> of sequential type is unconnected in block <DisplayOperand>.
WARNING:Xst:2677 - Node <m1/XLXI_3/clkdiv_22> of sequential type is unconnected in block <DisplayOperand>.
WARNING:Xst:2677 - Node <m1/XLXI_3/clkdiv_23> of sequential type is unconnected in block <DisplayOperand>.
WARNING:Xst:2677 - Node <m1/XLXI_3/clkdiv_24> of sequential type is unconnected in block <DisplayOperand>.
WARNING:Xst:2677 - Node <m1/XLXI_3/clkdiv_25> of sequential type is unconnected in block <DisplayOperand>.
WARNING:Xst:2677 - Node <m1/XLXI_3/clkdiv_26> of sequential type is unconnected in block <DisplayOperand>.
WARNING:Xst:2677 - Node <m1/XLXI_3/clkdiv_27> of sequential type is unconnected in block <DisplayOperand>.
WARNING:Xst:2677 - Node <m1/XLXI_3/clkdiv_28> of sequential type is unconnected in block <DisplayOperand>.
WARNING:Xst:2677 - Node <m1/XLXI_3/clkdiv_29> of sequential type is unconnected in block <DisplayOperand>.
WARNING:Xst:2677 - Node <m1/XLXI_3/clkdiv_30> of sequential type is unconnected in block <DisplayOperand>.
WARNING:Xst:2677 - Node <m1/XLXI_3/clkdiv_31> of sequential type is unconnected in block <DisplayOperand>.

Optimizing unit <Mux4to14b> ...

Optimizing unit <MyMC14495> ...

Optimizing unit <DisplayOperand> ...

Mapping all equations...
Building and optimizing final netlist ...
Found area constraint ratio of 100 (+ 5) on block DisplayOperand, actual ratio is 0.

Final Macro Processing ...

=========================================================================
Final Register Report

Macro Statistics
# Registers                                            : 19
 Flip-Flops                                            : 19

=========================================================================

=========================================================================
*                           Partition Report                            *
=========================================================================

Partition Implementation Status
-------------------------------

  No Partitions were found in this design.

-------------------------------

=========================================================================
*                            Design Summary                             *
=========================================================================

Top Level Output File Name         : DisplayOperand.ngc

Primitive and Black Box Usage:
------------------------------
# BELS                             : 188
#      AND2                        : 57
#      AND3                        : 11
#      AND4                        : 9
#      GND                         : 1
#      INV                         : 14
#      LUT1                        : 18
#      LUT3                        : 16
#      MUXCY                       : 18
#      OR2                         : 7
#      OR3                         : 3
#      OR4                         : 14
#      VCC                         : 1
#      XORCY                       : 19
# FlipFlops/Latches                : 19
#      FD                          : 19
# Clock Buffers                    : 1
#      BUFGP                       : 1
# IO Buffers                       : 45
#      IBUF                        : 33
#      OBUF                        : 12

Device utilization summary:
---------------------------

Selected Device : 7k160tffg676-2l 


Slice Logic Utilization: 
 Number of Slice Registers:              19  out of  202800     0%  
 Number of Slice LUTs:                   48  out of  101400     0%  
    Number used as Logic:                48  out of  101400     0%  

Slice Logic Distribution: 
 Number of LUT Flip Flop pairs used:     48
   Number with an unused Flip Flop:      29  out of     48    60%  
   Number with an unused LUT:             0  out of     48     0%  
   Number of fully used LUT-FF pairs:    19  out of     48    39%  
   Number of unique control sets:         1

IO Utilization: 
 Number of IOs:                          78
 Number of bonded IOBs:                  46  out of    400    11%  

Specific Feature Utilization:
 Number of BUFG/BUFGCTRLs:                1  out of     32     3%  

---------------------------
Partition Resource Summary:
---------------------------

  No Partitions were found in this design.

---------------------------


=========================================================================
Timing Report

NOTE: THESE TIMING NUMBERS ARE ONLY A SYNTHESIS ESTIMATE.
      FOR ACCURATE TIMING INFORMATION PLEASE REFER TO THE TRACE REPORT
      GENERATED AFTER PLACE-and-ROUTE.

Clock Information:
------------------
-----------------------------------+------------------------+-------+
Clock Signal                       | Clock buffer(FF name)  | Load  |
-----------------------------------+------------------------+-------+
clk                                | BUFGP                  | 19    |
-----------------------------------+------------------------+-------+

Asynchronous Control Signals Information:
----------------------------------------
No asynchronous control signals found in this design

Timing Summary:
---------------
Speed Grade: -2

   Minimum period: 1.359ns (Maximum Frequency: 736.025MHz)
   Minimum input arrival time before clock: No path found
   Maximum output required time after clock: 6.015ns
   Maximum combinational path delay: 4.998ns

Timing Details:
---------------
All values displayed in nanoseconds (ns)

=========================================================================
Timing constraint: Default period analysis for Clock 'clk'
  Clock period: 1.359ns (frequency: 736.025MHz)
  Total number of paths / destination ports: 190 / 19
-------------------------------------------------------------------------
Delay:               1.359ns (Levels of Logic = 20)
  Source:            m1/XLXI_3/clkdiv_0 (FF)
  Destination:       m1/XLXI_3/clkdiv_18 (FF)
  Source Clock:      clk rising
  Destination Clock: clk rising

  Data Path: m1/XLXI_3/clkdiv_0 to m1/XLXI_3/clkdiv_18
                                Gate     Net
    Cell:in->out      fanout   Delay   Delay  Logical Name (Net Name)
    ----------------------------------------  ------------
     FD:C->Q               1   0.236   0.339  m1/XLXI_3/clkdiv_0 (m1/XLXI_3/clkdiv_0)
     INV:I->O              1   0.054   0.000  m1/XLXI_3/Mcount_clkdiv_lut<0>_INV_0 (m1/XLXI_3/Mcount_clkdiv_lut<0>)
     MUXCY:S->O            1   0.238   0.000  m1/XLXI_3/Mcount_clkdiv_cy<0> (m1/XLXI_3/Mcount_clkdiv_cy<0>)
     MUXCY:CI->O           1   0.014   0.000  m1/XLXI_3/Mcount_clkdiv_cy<1> (m1/XLXI_3/Mcount_clkdiv_cy<1>)
     MUXCY:CI->O           1   0.014   0.000  m1/XLXI_3/Mcount_clkdiv_cy<2> (m1/XLXI_3/Mcount_clkdiv_cy<2>)
     MUXCY:CI->O           1   0.014   0.000  m1/XLXI_3/Mcount_clkdiv_cy<3> (m1/XLXI_3/Mcount_clkdiv_cy<3>)
     MUXCY:CI->O           1   0.014   0.000  m1/XLXI_3/Mcount_clkdiv_cy<4> (m1/XLXI_3/Mcount_clkdiv_cy<4>)
     MUXCY:CI->O           1   0.014   0.000  m1/XLXI_3/Mcount_clkdiv_cy<5> (m1/XLXI_3/Mcount_clkdiv_cy<5>)
     MUXCY:CI->O           1   0.014   0.000  m1/XLXI_3/Mcount_clkdiv_cy<6> (m1/XLXI_3/Mcount_clkdiv_cy<6>)
     MUXCY:CI->O           1   0.014   0.000  m1/XLXI_3/Mcount_clkdiv_cy<7> (m1/XLXI_3/Mcount_clkdiv_cy<7>)
     MUXCY:CI->O           1   0.014   0.000  m1/XLXI_3/Mcount_clkdiv_cy<8> (m1/XLXI_3/Mcount_clkdiv_cy<8>)
     MUXCY:CI->O           1   0.014   0.000  m1/XLXI_3/Mcount_clkdiv_cy<9> (m1/XLXI_3/Mcount_clkdiv_cy<9>)
     MUXCY:CI->O           1   0.014   0.000  m1/XLXI_3/Mcount_clkdiv_cy<10> (m1/XLXI_3/Mcount_clkdiv_cy<10>)
     MUXCY:CI->O           1   0.014   0.000  m1/XLXI_3/Mcount_clkdiv_cy<11> (m1/XLXI_3/Mcount_clkdiv_cy<11>)
     MUXCY:CI->O           1   0.014   0.000  m1/XLXI_3/Mcount_clkdiv_cy<12> (m1/XLXI_3/Mcount_clkdiv_cy<12>)
     MUXCY:CI->O           1   0.014   0.000  m1/XLXI_3/Mcount_clkdiv_cy<13> (m1/XLXI_3/Mcount_clkdiv_cy<13>)
     MUXCY:CI->O           1   0.014   0.000  m1/XLXI_3/Mcount_clkdiv_cy<14> (m1/XLXI_3/Mcount_clkdiv_cy<14>)
     MUXCY:CI->O           1   0.014   0.000  m1/XLXI_3/Mcount_clkdiv_cy<15> (m1/XLXI_3/Mcount_clkdiv_cy<15>)
     MUXCY:CI->O           1   0.014   0.000  m1/XLXI_3/Mcount_clkdiv_cy<16> (m1/XLXI_3/Mcount_clkdiv_cy<16>)
     MUXCY:CI->O           0   0.014   0.000  m1/XLXI_3/Mcount_clkdiv_cy<17> (m1/XLXI_3/Mcount_clkdiv_cy<17>)
     XORCY:CI->O           1   0.262   0.000  m1/XLXI_3/Mcount_clkdiv_xor<18> (Result<18>)
     FD:D                     -0.000          m1/XLXI_3/clkdiv_18
    ----------------------------------------
    Total                      1.359ns (1.019ns logic, 0.339ns route)
                                       (75.0% logic, 25.0% route)

=========================================================================
Timing constraint: Default OFFSET OUT AFTER for Clock 'clk'
  Total number of paths / destination ports: 784 / 12
-------------------------------------------------------------------------
Offset:              6.015ns (Levels of Logic = 9)
  Source:            m1/XLXI_3/clkdiv_17 (FF)
  Destination:       Segment<0> (PAD)
  Source Clock:      clk rising

  Data Path: m1/XLXI_3/clkdiv_17 to Segment<0>
                                Gate     Net
    Cell:in->out      fanout   Delay   Delay  Logical Name (Net Name)
    ----------------------------------------  ------------
     FD:C->Q              13   0.236   0.407  m1/XLXI_3/clkdiv_17 (m1/XLXI_3/clkdiv_17)
     INV:I->O              2   0.317   0.618  m1/XLXI_1/XLXI_25/XLXI_2 (m1/XLXI_1/XLXI_25/XLXN_16)
     AND2:I0->O            4   0.043   0.620  m1/XLXI_1/XLXI_25/XLXI_5 (m1/XLXI_1/XLXI_25/XLXN_44)
     AND2:I1->O            1   0.053   0.603  m1/XLXI_1/XLXI_25/XLXI_14 (m1/XLXI_1/XLXI_25/XLXN_25)
     OR4:I1->O            11   0.053   0.395  m1/XLXI_1/XLXI_25/XLXI_25 (m1/HEX<1>)
     INV:I->O              8   0.317   0.561  m1/XLXI_2/XLXI_7 (m1/XLXI_2/XLXN_21)
     AND4:I2->O            2   0.134   0.500  m1/XLXI_2/XLXI_1 (m1/XLXI_2/XLXN_24)
     OR4:I3->O             1   0.161   0.603  m1/XLXI_2/XLXI_44 (m1/XLXI_2/XLXN_54)
     OR2:I1->O             1   0.053   0.339  m1/XLXI_2/XLXI_51 (Segment_0_OBUF)
     OBUF:I->O                 0.000          Segment_0_OBUF (Segment<0>)
    ----------------------------------------
    Total                      6.015ns (1.367ns logic, 4.648ns route)
                                       (22.7% logic, 77.3% route)

=========================================================================
Timing constraint: Default path analysis
  Total number of paths / destination ports: 1032 / 7
-------------------------------------------------------------------------
Delay:               4.998ns (Levels of Logic = 9)
  Source:            SW (PAD)
  Destination:       Segment<5> (PAD)

  Data Path: SW to Segment<5>
                                Gate     Net
    Cell:in->out      fanout   Delay   Delay  Logical Name (Net Name)
    ----------------------------------------  ------------
     IBUF:I->O            16   0.000   0.578  SW_IBUF (SW_IBUF)
     LUT3:I0->O            1   0.043   0.613  Mmux_dispNum161 (dispNum<9>)
     AND2:I0->O            1   0.043   0.603  m1/XLXI_1/XLXI_25/XLXI_14 (m1/XLXI_1/XLXI_25/XLXN_25)
     OR4:I1->O            11   0.053   0.395  m1/XLXI_1/XLXI_25/XLXI_25 (m1/HEX<1>)
     INV:I->O              8   0.317   0.561  m1/XLXI_2/XLXI_7 (m1/XLXI_2/XLXN_21)
     AND4:I2->O            2   0.134   0.500  m1/XLXI_2/XLXI_1 (m1/XLXI_2/XLXN_24)
     OR4:I3->O             1   0.161   0.603  m1/XLXI_2/XLXI_44 (m1/XLXI_2/XLXN_54)
     OR2:I1->O             1   0.053   0.339  m1/XLXI_2/XLXI_51 (Segment_0_OBUF)
     OBUF:I->O                 0.000          Segment_0_OBUF (Segment<0>)
    ----------------------------------------
    Total                      4.998ns (0.804ns logic, 4.194ns route)
                                       (16.1% logic, 83.9% route)

=========================================================================

Cross Clock Domains Report:
--------------------------

Clock to Setup on destination clock clk
---------------+---------+---------+---------+---------+
               | Src:Rise| Src:Fall| Src:Rise| Src:Fall|
Source Clock   |Dest:Rise|Dest:Rise|Dest:Fall|Dest:Fall|
---------------+---------+---------+---------+---------+
clk            |    1.359|         |         |         |
---------------+---------+---------+---------+---------+

=========================================================================


Total REAL time to Xst completion: 5.00 secs
Total CPU time to Xst completion: 5.92 secs
 
--> 

Total memory usage is 320804 kilobytes

Number of errors   :    0 (   0 filtered)
Number of warnings :   13 (   0 filtered)
Number of infos    :    0 (   0 filtered)

