Release 14.7 Map P.20131013 (nt)
Xilinx Mapping Report File for Design 'Top'

Design Information
------------------
Command Line   : map -intstyle ise -p xc7k160t-ffg676-2L -w -logic_opt off -ol
high -t 1 -xt 0 -register_duplication off -r 4 -mt off -ir off -pr off -lc off
-power off -o Top_map.ncd Top.ngd Top.pcf 
Target Device  : xc7k160t
Target Package : ffg676
Target Speed   : -2l
Mapper Version : kintex7 -- $Revision: 1.55 $
Mapped Date    : Thu Jan 05 11:55:53 2017

Design Summary
--------------
Number of errors:      0
Number of warnings:    0
Slice Logic Utilization:
  Number of Slice Registers:                 1,246 out of 202,800    1%
    Number used as Flip Flops:                  89
    Number used as Latches:                    288
    Number used as Latch-thrus:                  0
    Number used as AND/OR logics:              869
  Number of Slice LUTs:                      4,510 out of 101,400    4%
    Number used as logic:                    4,509 out of 101,400    4%
      Number using O6 output only:           2,512
      Number using O5 output only:              50
      Number using O5 and O6:                1,947
      Number used as ROM:                        0
    Number used as Memory:                       0 out of  35,000    0%
    Number used exclusively as route-thrus:      1
      Number with same-slice register load:      0
      Number with same-slice carry load:         1
      Number with other load:                    0

Slice Logic Distribution:
  Number of occupied Slices:                 1,505 out of  25,350    5%
  Number of LUT Flip Flop pairs used:        4,766
    Number with an unused Flip Flop:         3,520 out of   4,766   73%
    Number with an unused LUT:                 256 out of   4,766    5%
    Number of fully used LUT-FF pairs:         990 out of   4,766   20%
    Number of unique control sets:              12
    Number of slice register sites lost
      to control set restrictions:               7 out of 202,800    1%

  A LUT Flip Flop pair for this architecture represents one LUT paired with
  one Flip Flop within a slice.  A control set is a unique combination of
  clock, reset, set, and enable signals for a registered element.
  The Slice Logic Distribution report is not meaningful if the design is
  over-mapped for a non-slice resource or if Placement fails.
  OVERMAPPING of BRAM resources should be ignored if the design is
  over-mapped for a non-BRAM resource or if placement fails.

IO Utilization:
  Number of bonded IOBs:                        38 out of     400    9%
    Number of LOCed IOBs:                       38 out of      38  100%
    IOB Latches:                                 8

Specific Feature Utilization:
  Number of RAMB36E1/FIFO36E1s:                  0 out of     325    0%
  Number of RAMB18E1/FIFO18E1s:                  0 out of     650    0%
  Number of BUFG/BUFGCTRLs:                     10 out of      32   31%
    Number used as BUFGs:                       10
    Number used as BUFGCTRLs:                    0
  Number of IDELAYE2/IDELAYE2_FINEDELAYs:        0 out of     400    0%
  Number of ILOGICE2/ILOGICE3/ISERDESE2s:        0 out of     400    0%
  Number of ODELAYE2/ODELAYE2_FINEDELAYs:        0 out of     150    0%
  Number of OLOGICE2/OLOGICE3/OSERDESE2s:        8 out of     400    2%
    Number used as OLOGICE2s:                    8
    Number used as OLOGICE3s:                    0
    Number used as OSERDESE2s:                   0
  Number of PHASER_IN/PHASER_IN_PHYs:            0 out of      32    0%
  Number of PHASER_OUT/PHASER_OUT_PHYs:          0 out of      32    0%
  Number of BSCANs:                              0 out of       4    0%
  Number of BUFHCEs:                             0 out of     120    0%
  Number of BUFRs:                               0 out of      32    0%
  Number of CAPTUREs:                            0 out of       1    0%
  Number of DNA_PORTs:                           0 out of       1    0%
  Number of DSP48E1s:                            3 out of     600    1%
  Number of EFUSE_USRs:                          0 out of       1    0%
  Number of FRAME_ECCs:                          0 out of       1    0%
  Number of GTXE2_CHANNELs:                      0 out of       8    0%
  Number of GTXE2_COMMONs:                       0 out of       2    0%
  Number of IBUFDS_GTE2s:                        0 out of       4    0%
  Number of ICAPs:                               0 out of       2    0%
  Number of IDELAYCTRLs:                         0 out of       8    0%
  Number of IN_FIFOs:                            0 out of      32    0%
  Number of MMCME2_ADVs:                         0 out of       8    0%
  Number of OUT_FIFOs:                           0 out of      32    0%
  Number of PCIE_2_1s:                           0 out of       1    0%
  Number of PHASER_REFs:                         0 out of       8    0%
  Number of PHY_CONTROLs:                        0 out of       8    0%
  Number of PLLE2_ADVs:                          0 out of       8    0%
  Number of STARTUPs:                            0 out of       1    0%
  Number of XADCs:                               0 out of       1    0%

Average Fanout of Non-Clock Nets:                3.43

Peak Memory Usage:  751 MB
Total REAL time to MAP completion:  59 secs 
Total CPU time to MAP completion:   55 secs 

Table of Contents
-----------------
Section 1 - Errors
Section 2 - Warnings
Section 3 - Informational
Section 4 - Removed Logic Summary
Section 5 - Removed Logic
Section 6 - IOB Properties
Section 7 - RPMs
Section 8 - Guide Report
Section 9 - Area Group and Partition Summary
Section 10 - Timing Report
Section 11 - Configuration String Information
Section 12 - Control Set Information
Section 13 - Utilization by Hierarchy

Section 1 - Errors
------------------

Section 2 - Warnings
--------------------

Section 3 - Informational
-------------------------
INFO:LIT:244 - All of the single ended outputs in this design are using slew
   rate limited output drivers. The delay on speed critical single ended outputs
   can be dramatically reduced by designating them as fast outputs.
INFO:Pack:1716 - Initializing temperature to 100.000 Celsius. (default - Range:
   0.000 to 100.000 Celsius)
INFO:Pack:1720 - Initializing voltage to 0.970 Volts. (default - Range: 0.970 to
   1.030 Volts)
INFO:Map:215 - The Interim Design Summary has been generated in the MAP Report
   (.mrp).
INFO:Pack:1650 - Map created a placed design.

Section 4 - Removed Logic Summary
---------------------------------
 103 block(s) removed
  17 block(s) optimized away
  42 signal(s) removed

Section 5 - Removed Logic
-------------------------

The trimmed logic report below shows the logic removed from your design due to
sourceless or loadless signals, and VCC or ground connections.  If the removal
of a signal or symbol results in the subsequent removal of an additional signal
or symbol, the message explaining that second removal will be indented.  This
indentation will be repeated as a chain of related logic is removed.

To quickly locate the original cause for the removal of a chain of logic, look
above the place where that logic is listed in the trimming report, then locate
the lines that are least indented (begin at the leftmost edge).

Loadless block "c/Madd_GND_300_o_GND_300_o_add_101_OUT31" (ROM) removed.
Loadless block "c/Madd_GND_300_o_GND_300_o_add_101_OUT_lut<0>62" (ROM) removed.
 The signal "c/Madd_GND_300_o_GND_300_o_add_101_OUT30" is loadless and has been
removed.
  Loadless block "c/Madd_GND_300_o_GND_300_o_add_101_OUT30" (ROM) removed.
Loadless block "c/Madd_GND_300_o_GND_300_o_add_105_OUT31" (ROM) removed.
Loadless block "c/Madd_GND_300_o_GND_300_o_add_105_OUT_lut<0>62" (ROM) removed.
 The signal "c/Madd_GND_300_o_GND_300_o_add_105_OUT30" is loadless and has been
removed.
  Loadless block "c/Madd_GND_300_o_GND_300_o_add_105_OUT30" (ROM) removed.
Loadless block "c/Madd_GND_300_o_GND_300_o_add_109_OUT31" (ROM) removed.
Loadless block "c/Madd_GND_300_o_GND_300_o_add_109_OUT_lut<0>62" (ROM) removed.
 The signal "c/Madd_GND_300_o_GND_300_o_add_109_OUT30" is loadless and has been
removed.
  Loadless block "c/Madd_GND_300_o_GND_300_o_add_109_OUT30" (ROM) removed.
Loadless block "c/Madd_GND_300_o_GND_300_o_add_113_OUT31" (ROM) removed.
Loadless block "c/Madd_GND_300_o_GND_300_o_add_113_OUT_lut<0>62" (ROM) removed.
 The signal "c/Madd_GND_300_o_GND_300_o_add_113_OUT30" is loadless and has been
removed.
  Loadless block "c/Madd_GND_300_o_GND_300_o_add_113_OUT30" (ROM) removed.
Loadless block "c/Madd_GND_300_o_GND_300_o_add_117_OUT31" (ROM) removed.
Loadless block "c/Madd_GND_300_o_GND_300_o_add_117_OUT_lut<0>62" (ROM) removed.
 The signal "c/Madd_GND_300_o_GND_300_o_add_117_OUT30" is loadless and has been
removed.
  Loadless block "c/Madd_GND_300_o_GND_300_o_add_117_OUT30" (ROM) removed.
Loadless block "c/Madd_GND_300_o_GND_300_o_add_121_OUT31" (ROM) removed.
Loadless block "c/Madd_GND_300_o_GND_300_o_add_121_OUT_lut<0>62" (ROM) removed.
 The signal "c/Madd_GND_300_o_GND_300_o_add_121_OUT30" is loadless and has been
removed.
  Loadless block "c/Madd_GND_300_o_GND_300_o_add_121_OUT30" (ROM) removed.
Loadless block "c/Madd_GND_300_o_GND_300_o_add_125_OUT31" (ROM) removed.
Loadless block "c/Madd_GND_300_o_GND_300_o_add_125_OUT_lut<0>62" (ROM) removed.
 The signal "c/Madd_GND_300_o_GND_300_o_add_125_OUT30" is loadless and has been
removed.
  Loadless block "c/Madd_GND_300_o_GND_300_o_add_125_OUT30" (ROM) removed.
Loadless block "c/Madd_GND_300_o_GND_300_o_add_129_OUT31" (ROM) removed.
Loadless block "c/Madd_GND_300_o_GND_300_o_add_129_OUT_lut<0>62" (ROM) removed.
 The signal "c/Madd_GND_300_o_GND_300_o_add_129_OUT30" is loadless and has been
removed.
  Loadless block "c/Madd_GND_300_o_GND_300_o_add_129_OUT30" (ROM) removed.
Loadless block "c/Madd_GND_300_o_GND_300_o_add_133_OUT31" (ROM) removed.
Loadless block "c/Madd_GND_300_o_GND_300_o_add_133_OUT_lut<0>62" (ROM) removed.
 The signal "c/Madd_GND_300_o_GND_300_o_add_133_OUT30" is loadless and has been
removed.
  Loadless block "c/Madd_GND_300_o_GND_300_o_add_133_OUT30" (ROM) removed.
Loadless block "c/Madd_GND_300_o_GND_300_o_add_137_OUT31" (ROM) removed.
Loadless block "c/Madd_GND_300_o_GND_300_o_add_17_OUT31" (ROM) removed.
Loadless block "c/Madd_GND_300_o_GND_300_o_add_17_OUT_lut<0>62" (ROM) removed.
 The signal "c/Madd_GND_300_o_GND_300_o_add_17_OUT30" is loadless and has been
removed.
  Loadless block "c/Madd_GND_300_o_GND_300_o_add_17_OUT30" (ROM) removed.
Loadless block "c/Madd_GND_300_o_GND_300_o_add_21_OUT31" (ROM) removed.
Loadless block "c/Madd_GND_300_o_GND_300_o_add_21_OUT_lut<0>62" (ROM) removed.
 The signal "c/Madd_GND_300_o_GND_300_o_add_21_OUT30" is loadless and has been
removed.
  Loadless block "c/Madd_GND_300_o_GND_300_o_add_21_OUT30" (ROM) removed.
Loadless block "c/Madd_GND_300_o_GND_300_o_add_25_OUT31" (ROM) removed.
Loadless block "c/Madd_GND_300_o_GND_300_o_add_25_OUT_lut<0>62" (ROM) removed.
 The signal "c/Madd_GND_300_o_GND_300_o_add_25_OUT30" is loadless and has been
removed.
  Loadless block "c/Madd_GND_300_o_GND_300_o_add_25_OUT30" (ROM) removed.
Loadless block "c/Madd_GND_300_o_GND_300_o_add_29_OUT31" (ROM) removed.
Loadless block "c/Madd_GND_300_o_GND_300_o_add_29_OUT_lut<0>62" (ROM) removed.
 The signal "c/Madd_GND_300_o_GND_300_o_add_29_OUT30" is loadless and has been
removed.
  Loadless block "c/Madd_GND_300_o_GND_300_o_add_29_OUT30" (ROM) removed.
Loadless block "c/Madd_GND_300_o_GND_300_o_add_33_OUT31" (ROM) removed.
Loadless block "c/Madd_GND_300_o_GND_300_o_add_33_OUT_lut<0>62" (ROM) removed.
 The signal "c/Madd_GND_300_o_GND_300_o_add_33_OUT30" is loadless and has been
removed.
  Loadless block "c/Madd_GND_300_o_GND_300_o_add_33_OUT30" (ROM) removed.
Loadless block "c/Madd_GND_300_o_GND_300_o_add_37_OUT31" (ROM) removed.
Loadless block "c/Madd_GND_300_o_GND_300_o_add_37_OUT_lut<0>62" (ROM) removed.
 The signal "c/Madd_GND_300_o_GND_300_o_add_37_OUT30" is loadless and has been
removed.
  Loadless block "c/Madd_GND_300_o_GND_300_o_add_37_OUT30" (ROM) removed.
Loadless block "c/Madd_GND_300_o_GND_300_o_add_41_OUT31" (ROM) removed.
Loadless block "c/Madd_GND_300_o_GND_300_o_add_41_OUT_lut<0>62" (ROM) removed.
 The signal "c/Madd_GND_300_o_GND_300_o_add_41_OUT30" is loadless and has been
removed.
  Loadless block "c/Madd_GND_300_o_GND_300_o_add_41_OUT30" (ROM) removed.
Loadless block "c/Madd_GND_300_o_GND_300_o_add_45_OUT31" (ROM) removed.
Loadless block "c/Madd_GND_300_o_GND_300_o_add_45_OUT_lut<0>62" (ROM) removed.
 The signal "c/Madd_GND_300_o_GND_300_o_add_45_OUT30" is loadless and has been
removed.
  Loadless block "c/Madd_GND_300_o_GND_300_o_add_45_OUT30" (ROM) removed.
Loadless block "c/Madd_GND_300_o_GND_300_o_add_49_OUT31" (ROM) removed.
Loadless block "c/Madd_GND_300_o_GND_300_o_add_49_OUT_lut<0>62" (ROM) removed.
 The signal "c/Madd_GND_300_o_GND_300_o_add_49_OUT30" is loadless and has been
removed.
  Loadless block "c/Madd_GND_300_o_GND_300_o_add_49_OUT30" (ROM) removed.
Loadless block "c/Madd_GND_300_o_GND_300_o_add_53_OUT31" (ROM) removed.
Loadless block "c/Madd_GND_300_o_GND_300_o_add_53_OUT_lut<0>62" (ROM) removed.
 The signal "c/Madd_GND_300_o_GND_300_o_add_53_OUT30" is loadless and has been
removed.
  Loadless block "c/Madd_GND_300_o_GND_300_o_add_53_OUT30" (ROM) removed.
Loadless block "c/Madd_GND_300_o_GND_300_o_add_57_OUT31" (ROM) removed.
Loadless block "c/Madd_GND_300_o_GND_300_o_add_57_OUT_lut<0>62" (ROM) removed.
 The signal "c/Madd_GND_300_o_GND_300_o_add_57_OUT30" is loadless and has been
removed.
  Loadless block "c/Madd_GND_300_o_GND_300_o_add_57_OUT30" (ROM) removed.
Loadless block "c/Madd_GND_300_o_GND_300_o_add_61_OUT31" (ROM) removed.
Loadless block "c/Madd_GND_300_o_GND_300_o_add_61_OUT_lut<0>62" (ROM) removed.
 The signal "c/Madd_GND_300_o_GND_300_o_add_61_OUT30" is loadless and has been
removed.
  Loadless block "c/Madd_GND_300_o_GND_300_o_add_61_OUT30" (ROM) removed.
Loadless block "c/Madd_GND_300_o_GND_300_o_add_65_OUT31" (ROM) removed.
Loadless block "c/Madd_GND_300_o_GND_300_o_add_65_OUT_lut<0>62" (ROM) removed.
 The signal "c/Madd_GND_300_o_GND_300_o_add_65_OUT30" is loadless and has been
removed.
  Loadless block "c/Madd_GND_300_o_GND_300_o_add_65_OUT30" (ROM) removed.
Loadless block "c/Madd_GND_300_o_GND_300_o_add_69_OUT31" (ROM) removed.
Loadless block "c/Madd_GND_300_o_GND_300_o_add_69_OUT_lut<0>62" (ROM) removed.
 The signal "c/Madd_GND_300_o_GND_300_o_add_69_OUT30" is loadless and has been
removed.
  Loadless block "c/Madd_GND_300_o_GND_300_o_add_69_OUT30" (ROM) removed.
Loadless block "c/Madd_GND_300_o_GND_300_o_add_73_OUT31" (ROM) removed.
Loadless block "c/Madd_GND_300_o_GND_300_o_add_73_OUT_lut<0>62" (ROM) removed.
 The signal "c/Madd_GND_300_o_GND_300_o_add_73_OUT30" is loadless and has been
removed.
  Loadless block "c/Madd_GND_300_o_GND_300_o_add_73_OUT30" (ROM) removed.
Loadless block "c/Madd_GND_300_o_GND_300_o_add_77_OUT31" (ROM) removed.
Loadless block "c/Madd_GND_300_o_GND_300_o_add_77_OUT_lut<0>62" (ROM) removed.
 The signal "c/Madd_GND_300_o_GND_300_o_add_77_OUT30" is loadless and has been
removed.
  Loadless block "c/Madd_GND_300_o_GND_300_o_add_77_OUT30" (ROM) removed.
Loadless block "c/Madd_GND_300_o_GND_300_o_add_81_OUT31" (ROM) removed.
Loadless block "c/Madd_GND_300_o_GND_300_o_add_81_OUT_lut<0>62" (ROM) removed.
 The signal "c/Madd_GND_300_o_GND_300_o_add_81_OUT30" is loadless and has been
removed.
  Loadless block "c/Madd_GND_300_o_GND_300_o_add_81_OUT30" (ROM) removed.
Loadless block "c/Madd_GND_300_o_GND_300_o_add_85_OUT31" (ROM) removed.
Loadless block "c/Madd_GND_300_o_GND_300_o_add_85_OUT_lut<0>62" (ROM) removed.
 The signal "c/Madd_GND_300_o_GND_300_o_add_85_OUT30" is loadless and has been
removed.
  Loadless block "c/Madd_GND_300_o_GND_300_o_add_85_OUT30" (ROM) removed.
Loadless block "c/Madd_GND_300_o_GND_300_o_add_89_OUT31" (ROM) removed.
Loadless block "c/Madd_GND_300_o_GND_300_o_add_89_OUT_lut<0>62" (ROM) removed.
 The signal "c/Madd_GND_300_o_GND_300_o_add_89_OUT30" is loadless and has been
removed.
  Loadless block "c/Madd_GND_300_o_GND_300_o_add_89_OUT30" (ROM) removed.
Loadless block "c/Madd_GND_300_o_GND_300_o_add_93_OUT31" (ROM) removed.
Loadless block "c/Madd_GND_300_o_GND_300_o_add_93_OUT_lut<0>62" (ROM) removed.
 The signal "c/Madd_GND_300_o_GND_300_o_add_93_OUT30" is loadless and has been
removed.
  Loadless block "c/Madd_GND_300_o_GND_300_o_add_93_OUT30" (ROM) removed.
Loadless block "c/Madd_GND_300_o_GND_300_o_add_97_OUT31" (ROM) removed.
Loadless block "c/Madd_GND_300_o_GND_300_o_add_97_OUT_lut<0>62" (ROM) removed.
 The signal "c/Madd_GND_300_o_GND_300_o_add_97_OUT30" is loadless and has been
removed.
  Loadless block "c/Madd_GND_300_o_GND_300_o_add_97_OUT30" (ROM) removed.

The trimmed logic reported below is either:
   1. part of a cycle
   2. part of disabled logic
   3. a side-effect of other trimmed logic

The signal "da/XLXI_1/XLXI_29/D0" is unused and has been removed.
 Unused block "da/XLXI_1/XLXI_29/XLXI_1" (AND) removed.
  The signal "da/XLXI_1/XLXI_29/XLXN_108" is unused and has been removed.
   Unused block "da/XLXI_1/XLXI_29/XLXI_5" (BUF) removed.
  The signal "da/XLXI_1/XLXI_29/XLXN_80" is unused and has been removed.
   Unused block "da/XLXI_1/XLXI_29/XLXI_6" (BUF) removed.
The signal "da/XLXI_1/XLXI_29/D2" is unused and has been removed.
 Unused block "da/XLXI_1/XLXI_29/XLXI_3" (AND) removed.
The signal "da/XLXI_1/XLXI_29/D3" is unused and has been removed.
 Unused block "da/XLXI_1/XLXI_29/XLXI_4" (AND) removed.
The signal "da/XLXI_1/XLXI_29/D1" is unused and has been removed.
 Unused block "da/XLXI_1/XLXI_29/XLXI_2" (AND) removed.
The signal "da/XLXI_1/XLXI_28/D0" is unused and has been removed.
 Unused block "da/XLXI_1/XLXI_28/XLXI_1" (AND) removed.
  The signal "da/XLXI_1/XLXI_28/XLXN_108" is unused and has been removed.
   Unused block "da/XLXI_1/XLXI_28/XLXI_5" (BUF) removed.
  The signal "da/XLXI_1/XLXI_28/XLXN_80" is unused and has been removed.
   Unused block "da/XLXI_1/XLXI_28/XLXI_6" (BUF) removed.
The signal "da/XLXI_1/XLXI_28/D2" is unused and has been removed.
 Unused block "da/XLXI_1/XLXI_28/XLXI_3" (AND) removed.
The signal "da/XLXI_1/XLXI_28/D3" is unused and has been removed.
 Unused block "da/XLXI_1/XLXI_28/XLXI_4" (AND) removed.
The signal "da/XLXI_1/XLXI_28/D1" is unused and has been removed.
 Unused block "da/XLXI_1/XLXI_28/XLXI_2" (AND) removed.

Optimized Block(s):
TYPE 		BLOCK
AND2 		da/XLXI_1/XLXI_28/XLXI_43
AND2 		da/XLXI_1/XLXI_28/XLXI_44
OR4 		da/XLXI_1/XLXI_28/XLXI_45
AND2 		da/XLXI_1/XLXI_28/XLXI_7
AND2 		da/XLXI_1/XLXI_28/XLXI_8
AND2 		da/XLXI_1/XLXI_29/XLXI_43
AND2 		da/XLXI_1/XLXI_29/XLXI_44
OR4 		da/XLXI_1/XLXI_29/XLXI_45
AND2 		da/XLXI_1/XLXI_29/XLXI_7
AND2 		da/XLXI_1/XLXI_29/XLXI_8
AND2 		da/XLXI_1/XLXI_30/XLXI_13
AND2 		da/XLXI_1/XLXI_30/XLXI_18
AND2 		da/XLXI_1/XLXI_30/XLXI_23
AND2 		da/XLXI_1/XLXI_30/XLXI_7
VCC 		da/XLXI_1/XLXI_31
GND 		da/XLXI_1/XLXI_32
INV 		da/XLXI_2/XLXI_58

To enable printing of redundant blocks removed and signals merged, set the
detailed map report option and rerun map.

Section 6 - IOB Properties
--------------------------

+---------------------------------------------------------------------------------------------------------------------------------------------------------+
| IOB Name                           | Type             | Direction | IO Standard          | Diff  | Drive    | Slew | Reg (s)      | Resistor | IOB      |
|                                    |                  |           |                      | Term  | Strength | Rate |              |          | Delay    |
+---------------------------------------------------------------------------------------------------------------------------------------------------------+
| AN<0>                              | IOB33            | OUTPUT    | LVCMOS33             |       | 12       | SLOW |              |          |          |
| AN<1>                              | IOB33            | OUTPUT    | LVCMOS33             |       | 12       | SLOW |              |          |          |
| AN<2>                              | IOB33            | OUTPUT    | LVCMOS33             |       | 12       | SLOW |              |          |          |
| AN<3>                              | IOB33            | OUTPUT    | LVCMOS33             |       | 12       | SLOW |              |          |          |
| Buzzer                             | IOB33            | OUTPUT    | LVCMOS33             |       | 12       | SLOW |              |          |          |
| Clear                              | IOB33            | INPUT     | LVCMOS33             |       |          |      |              |          |          |
| LED<0>                             | IOB33            | OUTPUT    | LVCMOS33             |       | 12       | SLOW | OLATCH       |          |          |
| LED<1>                             | IOB33            | OUTPUT    | LVCMOS33             |       | 12       | SLOW | OLATCH       |          |          |
| LED<2>                             | IOB33            | OUTPUT    | LVCMOS33             |       | 12       | SLOW | OLATCH       |          |          |
| LED<3>                             | IOB33            | OUTPUT    | LVCMOS33             |       | 12       | SLOW | OLATCH       |          |          |
| LED<4>                             | IOB33            | OUTPUT    | LVCMOS33             |       | 12       | SLOW | OLATCH       |          |          |
| LED<5>                             | IOB33            | OUTPUT    | LVCMOS33             |       | 12       | SLOW | OLATCH       |          |          |
| LED<6>                             | IOB33            | OUTPUT    | LVCMOS33             |       | 12       | SLOW | OLATCH       |          |          |
| LED<7>                             | IOB33            | OUTPUT    | LVCMOS33             |       | 12       | SLOW | OLATCH       |          |          |
| LEDBelow                           | IOB33            | OUTPUT    | LVCMOS33             |       | 12       | SLOW |              |          |          |
| Load                               | IOB33            | INPUT     | LVCMOS33             |       |          |      |              |          |          |
| Overflow                           | IOB33            | OUTPUT    | LVCMOS33             |       | 12       | SLOW |              |          |          |
| SW<0>                              | IOB              | INPUT     | LVCMOS15             |       |          |      |              |          |          |
| SW<1>                              | IOB              | INPUT     | LVCMOS15             |       |          |      |              |          |          |
| SW<2>                              | IOB              | INPUT     | LVCMOS15             |       |          |      |              |          |          |
| SW<3>                              | IOB              | INPUT     | LVCMOS15             |       |          |      |              |          |          |
| SW<4>                              | IOB              | INPUT     | LVCMOS15             |       |          |      |              |          |          |
| SW<5>                              | IOB              | INPUT     | LVCMOS15             |       |          |      |              |          |          |
| SW<6>                              | IOB              | INPUT     | LVCMOS15             |       |          |      |              |          |          |
| SW<7>                              | IOB              | INPUT     | LVCMOS15             |       |          |      |              |          |          |
| SW<8>                              | IOB              | INPUT     | LVCMOS15             |       |          |      |              |          |          |
| SWRam<0>                           | IOB              | INPUT     | LVCMOS15             |       |          |      |              |          |          |
| SWRam<1>                           | IOB              | INPUT     | LVCMOS15             |       |          |      |              |          |          |
| SWRam<2>                           | IOB              | INPUT     | LVCMOS15             |       |          |      |              |          |          |
| Segment<0>                         | IOB33            | OUTPUT    | LVCMOS33             |       | 12       | SLOW |              |          |          |
| Segment<1>                         | IOB33            | OUTPUT    | LVCMOS33             |       | 12       | SLOW |              |          |          |
| Segment<2>                         | IOB33            | OUTPUT    | LVCMOS33             |       | 12       | SLOW |              |          |          |
| Segment<3>                         | IOB33            | OUTPUT    | LVCMOS33             |       | 12       | SLOW |              |          |          |
| Segment<4>                         | IOB33            | OUTPUT    | LVCMOS33             |       | 12       | SLOW |              |          |          |
| Segment<5>                         | IOB33            | OUTPUT    | LVCMOS33             |       | 12       | SLOW |              |          |          |
| Segment<6>                         | IOB33            | OUTPUT    | LVCMOS33             |       | 12       | SLOW |              |          |          |
| Segment<7>                         | IOB33            | OUTPUT    | LVCMOS33             |       | 12       | SLOW |              |          |          |
| clk                                | IOB              | INPUT     | LVCMOS18             |       |          |      |              |          |          |
+---------------------------------------------------------------------------------------------------------------------------------------------------------+

Section 7 - RPMs
----------------

Section 8 - Guide Report
------------------------
Guide not run on this design.

Section 9 - Area Group and Partition Summary
--------------------------------------------

Partition Implementation Status
-------------------------------

  No Partitions were found in this design.

-------------------------------

Area Group Information
----------------------

  No area groups were found in this design.

----------------------

Section 10 - Timing Report
--------------------------
A logic-level (pre-route) timing report can be generated by using Xilinx static
timing analysis tools, Timing Analyzer (GUI) or TRCE (command line), with the
mapped NCD and PCF files. Please note that this timing report will be generated
using estimated delay information. For accurate numbers, please generate a
timing report with the post Place and Route NCD file.

For more information about the Timing Analyzer, consult the Xilinx Timing
Analyzer Reference Manual; for more information about TRCE, consult the Xilinx
Command Line Tools User Guide "TRACE" chapter.

Section 11 - Configuration String Details
-----------------------------------------
Use the "-detail" map option to print out Configuration Strings

Section 12 - Control Set Information
------------------------------------
Use the "-detail" map option to print out Control Set Information.

Section 13 - Utilization by Hierarchy
-------------------------------------
Use the "-detail" map option to print out the Utilization by Hierarchy section.
